<?xml version="1.0" encoding="UTF-8"?>
<coverage generated="1646639869708" clover="3.2.0">
  <project timestamp="1646639869708" name="All files">
    <metrics statements="283" coveredstatements="279" conditionals="80" coveredconditionals="74" methods="51" coveredmethods="51" elements="414" coveredelements="404" complexity="0" loc="283" ncloc="283" packages="2" files="9" classes="9"/>
    <package name="wallet">
      <metrics statements="192" coveredstatements="188" conditionals="46" coveredconditionals="42" methods="27" coveredmethods="27"/>
      <file name="config.js" path="/Users/chengte/code/wallet/lib/wallet/config.js">
        <metrics statements="3" coveredstatements="3" conditionals="2" coveredconditionals="2" methods="0" coveredmethods="0"/>
        <line num="1" count="6" type="stmt"/>
        <line num="5" count="6" type="stmt"/>
        <line num="7" count="6" type="stmt"/>
      </file>
      <file name="entity.repository.js" path="/Users/chengte/code/wallet/lib/wallet/entity.repository.js">
        <metrics statements="25" coveredstatements="25" conditionals="8" coveredconditionals="8" methods="9" coveredmethods="9"/>
        <line num="1" count="7" type="stmt"/>
        <line num="8" count="93" type="stmt"/>
        <line num="12" count="118" type="stmt"/>
        <line num="13" count="118" type="stmt"/>
        <line num="15" count="118" type="stmt"/>
        <line num="17" count="118" type="stmt"/>
        <line num="21" count="288" type="stmt"/>
        <line num="22" count="392" type="stmt"/>
        <line num="23" count="392" type="cond" truecount="2" falsecount="0"/>
        <line num="25" count="307" type="stmt"/>
        <line num="31" count="233" type="stmt"/>
        <line num="33" count="233" type="cond" truecount="2" falsecount="0"/>
        <line num="37" count="84" type="stmt"/>
        <line num="39" count="84" type="cond" truecount="2" falsecount="0"/>
        <line num="40" count="1" type="stmt"/>
        <line num="43" count="83" type="stmt"/>
        <line num="48" count="83" type="stmt"/>
        <line num="49" count="130" type="cond" truecount="2" falsecount="0"/>
        <line num="50" count="83" type="stmt"/>
        <line num="52" count="47" type="stmt"/>
        <line num="55" count="130" type="stmt"/>
        <line num="58" count="83" type="stmt"/>
        <line num="63" count="55" type="stmt"/>
        <line num="65" count="55" type="stmt"/>
        <line num="69" count="7" type="stmt"/>
      </file>
      <file name="index.js" path="/Users/chengte/code/wallet/lib/wallet/index.js">
        <metrics statements="13" coveredstatements="13" conditionals="6" coveredconditionals="6" methods="1" coveredmethods="1"/>
        <line num="1" count="6" type="stmt"/>
        <line num="2" count="6" type="stmt"/>
        <line num="3" count="6" type="stmt"/>
        <line num="4" count="6" type="stmt"/>
        <line num="5" count="6" type="stmt"/>
        <line num="8" count="6" type="stmt"/>
        <line num="10" count="29" type="stmt"/>
        <line num="12" count="29" type="cond" truecount="2" falsecount="0"/>
        <line num="13" count="29" type="cond" truecount="2" falsecount="0"/>
        <line num="14" count="29" type="cond" truecount="2" falsecount="0"/>
        <line num="16" count="29" type="stmt"/>
        <line num="23" count="29" type="stmt"/>
        <line num="25" count="29" type="stmt"/>
      </file>
      <file name="wallet.repository.js" path="/Users/chengte/code/wallet/lib/wallet/wallet.repository.js">
        <metrics statements="86" coveredstatements="84" conditionals="21" coveredconditionals="20" methods="11" coveredmethods="11"/>
        <line num="1" count="7" type="stmt"/>
        <line num="2" count="7" type="stmt"/>
        <line num="3" count="7" type="stmt"/>
        <line num="4" count="7" type="stmt"/>
        <line num="6" count="7" type="stmt"/>
        <line num="13" count="45" type="stmt"/>
        <line num="14" count="45" type="stmt"/>
        <line num="15" count="45" type="stmt"/>
        <line num="16" count="45" type="stmt"/>
        <line num="21" count="37" type="stmt"/>
        <line num="22" count="37" type="stmt"/>
        <line num="24" count="37" type="cond" truecount="2" falsecount="0"/>
        <line num="25" count="1" type="stmt"/>
        <line num="28" count="36" type="stmt"/>
        <line num="32" count="36" type="stmt"/>
        <line num="34" count="36" type="stmt"/>
        <line num="36" count="36" type="stmt"/>
        <line num="38" count="1" type="stmt"/>
        <line num="40" count="1" type="stmt"/>
        <line num="46" count="46" type="stmt"/>
        <line num="47" count="46" type="stmt"/>
        <line num="49" count="46" type="cond" truecount="2" falsecount="0"/>
        <line num="50" count="1" type="stmt"/>
        <line num="53" count="45" type="stmt"/>
        <line num="55" count="45" type="stmt"/>
        <line num="57" count="45" type="stmt"/>
        <line num="59" count="45" type="stmt"/>
        <line num="61" count="45" type="stmt"/>
        <line num="63" count="1" type="cond" truecount="2" falsecount="0"/>
        <line num="65" count="1" type="stmt"/>
        <line num="71" count="12" type="stmt"/>
        <line num="72" count="12" type="stmt"/>
        <line num="74" count="12" type="cond" truecount="2" falsecount="0"/>
        <line num="75" count="1" type="stmt"/>
        <line num="78" count="11" type="stmt"/>
        <line num="80" count="11" type="stmt"/>
        <line num="82" count="11" type="stmt"/>
        <line num="84" count="11" type="stmt"/>
        <line num="86" count="11" type="stmt"/>
        <line num="88" count="1" type="cond" truecount="2" falsecount="0"/>
        <line num="90" count="1" type="stmt"/>
        <line num="96" count="37" type="stmt"/>
        <line num="97" count="37" type="stmt"/>
        <line num="99" count="37" type="cond" truecount="2" falsecount="0"/>
        <line num="100" count="1" type="stmt"/>
        <line num="103" count="36" type="stmt"/>
        <line num="105" count="36" type="stmt"/>
        <line num="107" count="36" type="stmt"/>
        <line num="109" count="36" type="stmt"/>
        <line num="111" count="36" type="stmt"/>
        <line num="113" count="1" type="cond" truecount="2" falsecount="0"/>
        <line num="115" count="1" type="stmt"/>
        <line num="122" count="113" type="stmt"/>
        <line num="123" count="113" type="stmt"/>
        <line num="125" count="113" type="stmt"/>
        <line num="127" count="113" type="stmt"/>
        <line num="129" count="113" type="cond" truecount="2" falsecount="0"/>
        <line num="130" count="1" type="stmt"/>
        <line num="133" count="112" type="stmt"/>
        <line num="134" count="112" type="cond" truecount="2" falsecount="0"/>
        <line num="135" count="56" type="stmt"/>
        <line num="137" count="74" type="stmt"/>
        <line num="139" count="56" type="cond" truecount="1" falsecount="1"/>
        <line num="142" count="112" type="stmt"/>
        <line num="144" count="112" type="stmt"/>
        <line num="146" count="112" type="stmt"/>
        <line num="148" count="1" type="stmt"/>
        <line num="150" count="1" type="stmt"/>
        <line num="158" count="39" type="stmt"/>
        <line num="159" count="39" type="stmt"/>
        <line num="161" count="39" type="stmt"/>
        <line num="163" count="39" type="stmt"/>
        <line num="165" count="39" type="stmt"/>
        <line num="169" count="39" type="stmt"/>
        <line num="171" count="39" type="stmt"/>
        <line num="173" count="39" type="stmt"/>
        <line num="175" count="39" type="stmt"/>
        <line num="177" count="0" type="stmt"/>
        <line num="179" count="0" type="stmt"/>
        <line num="185" count="39" type="stmt"/>
        <line num="186" count="39" type="stmt"/>
        <line num="188" count="39" type="stmt"/>
        <line num="190" count="39" type="stmt"/>
        <line num="191" count="39" type="stmt"/>
        <line num="193" count="39" type="stmt"/>
        <line num="197" count="7" type="stmt"/>
      </file>
      <file name="wallet.service.js" path="/Users/chengte/code/wallet/lib/wallet/wallet.service.js">
        <metrics statements="65" coveredstatements="63" conditionals="9" coveredconditionals="6" methods="6" coveredmethods="6"/>
        <line num="1" count="7" type="stmt"/>
        <line num="5" count="55" type="stmt"/>
        <line num="6" count="55" type="stmt"/>
        <line num="12" count="37" type="stmt"/>
        <line num="13" count="37" type="stmt"/>
        <line num="15" count="37" type="stmt"/>
        <line num="17" count="37" type="stmt"/>
        <line num="19" count="36" type="stmt"/>
        <line num="21" count="36" type="stmt"/>
        <line num="23" count="1" type="stmt"/>
        <line num="25" count="1" type="stmt"/>
        <line num="34" count="36" type="stmt"/>
        <line num="35" count="36" type="stmt"/>
        <line num="37" count="36" type="stmt"/>
        <line num="39" count="36" type="stmt"/>
        <line num="41" count="36" type="stmt"/>
        <line num="43" count="35" type="stmt"/>
        <line num="45" count="29" type="stmt"/>
        <line num="47" count="29" type="stmt"/>
        <line num="49" count="29" type="stmt"/>
        <line num="51" count="29" type="stmt"/>
        <line num="53" count="7" type="stmt"/>
        <line num="56" count="7" type="cond" truecount="2" falsecount="0"/>
        <line num="57" count="6" type="stmt"/>
        <line num="60" count="7" type="stmt"/>
        <line num="69" count="14" type="stmt"/>
        <line num="70" count="14" type="stmt"/>
        <line num="72" count="14" type="stmt"/>
        <line num="74" count="14" type="stmt"/>
        <line num="76" count="14" type="stmt"/>
        <line num="78" count="13" type="stmt"/>
        <line num="80" count="13" type="stmt"/>
        <line num="82" count="10" type="stmt"/>
        <line num="84" count="10" type="stmt"/>
        <line num="86" count="10" type="stmt"/>
        <line num="88" count="4" type="stmt"/>
        <line num="91" count="4" type="cond" truecount="2" falsecount="0"/>
        <line num="92" count="3" type="stmt"/>
        <line num="95" count="4" type="stmt"/>
        <line num="105" count="17" type="stmt"/>
        <line num="106" count="17" type="stmt"/>
        <line num="108" count="17" type="stmt"/>
        <line num="110" count="17" type="stmt"/>
        <line num="112" count="17" type="stmt"/>
        <line num="114" count="16" type="stmt"/>
        <line num="115" count="16" type="stmt"/>
        <line num="117" count="16" type="stmt"/>
        <line num="118" count="10" type="stmt"/>
        <line num="121" count="10" type="stmt"/>
        <line num="122" count="10" type="stmt"/>
        <line num="124" count="10" type="stmt"/>
        <line num="126" count="10" type="stmt"/>
        <line num="128" count="7" type="stmt"/>
        <line num="131" count="7" type="cond" truecount="2" falsecount="0"/>
        <line num="132" count="6" type="stmt"/>
        <line num="135" count="7" type="stmt"/>
        <line num="142" count="15" type="stmt"/>
        <line num="143" count="15" type="stmt"/>
        <line num="145" count="15" type="stmt"/>
        <line num="147" count="15" type="stmt"/>
        <line num="149" count="15" type="stmt"/>
        <line num="151" count="15" type="stmt"/>
        <line num="153" count="0" type="stmt"/>
        <line num="155" count="0" type="stmt"/>
        <line num="160" count="7" type="stmt"/>
      </file>
    </package>
    <package name="wallet.class">
      <metrics statements="91" coveredstatements="91" conditionals="34" coveredconditionals="32" methods="24" coveredmethods="24"/>
      <file name="transaction-request.js" path="/Users/chengte/code/wallet/lib/wallet/class/transaction-request.js">
        <metrics statements="32" coveredstatements="32" conditionals="7" coveredconditionals="6" methods="8" coveredmethods="8"/>
        <line num="1" count="8" type="stmt"/>
        <line num="6" count="8" type="stmt"/>
        <line num="12" count="8" type="stmt"/>
        <line num="22" count="159" type="stmt"/>
        <line num="23" count="159" type="stmt"/>
        <line num="24" count="159" type="stmt"/>
        <line num="25" count="159" type="stmt"/>
        <line num="26" count="159" type="stmt"/>
        <line num="27" count="159" type="stmt"/>
        <line num="28" count="159" type="stmt"/>
        <line num="29" count="159" type="stmt"/>
        <line num="31" count="159" type="stmt"/>
        <line num="32" count="159" type="stmt"/>
        <line num="33" count="159" type="stmt"/>
        <line num="34" count="159" type="stmt"/>
        <line num="38" count="86" type="stmt"/>
        <line num="40" count="86" type="cond" truecount="1" falsecount="1"/>
        <line num="41" count="86" type="cond" truecount="2" falsecount="0"/>
        <line num="42" count="86" type="cond" truecount="2" falsecount="0"/>
        <line num="46" count="43" type="stmt"/>
        <line num="47" count="43" type="stmt"/>
        <line num="51" count="34" type="stmt"/>
        <line num="52" count="34" type="stmt"/>
        <line num="56" count="9" type="stmt"/>
        <line num="57" count="9" type="stmt"/>
        <line num="61" count="36" type="stmt"/>
        <line num="75" count="14" type="stmt"/>
        <line num="89" count="17" type="stmt"/>
        <line num="103" count="8" type="stmt"/>
        <line num="104" count="8" type="stmt"/>
        <line num="105" count="8" type="stmt"/>
        <line num="107" count="8" type="stmt"/>
      </file>
      <file name="wallet-state.js" path="/Users/chengte/code/wallet/lib/wallet/class/wallet-state.js">
        <metrics statements="17" coveredstatements="17" conditionals="15" coveredconditionals="15" methods="8" coveredmethods="8"/>
        <line num="3" count="252" type="stmt"/>
        <line num="4" count="252" type="stmt"/>
        <line num="5" count="252" type="cond" truecount="2" falsecount="0"/>
        <line num="6" count="252" type="stmt"/>
        <line num="8" count="252" type="stmt"/>
        <line num="12" count="26" type="stmt"/>
        <line num="20" count="7" type="stmt"/>
        <line num="28" count="9" type="stmt"/>
        <line num="36" count="9" type="stmt"/>
        <line num="44" count="81" type="stmt"/>
        <line num="45" count="78" type="cond" truecount="2" falsecount="0"/>
        <line num="46" count="78" type="cond" truecount="2" falsecount="0"/>
        <line num="47" count="39" type="stmt"/>
        <line num="50" count="78" type="stmt"/>
        <line num="55" count="42" type="stmt"/>
        <line num="57" count="42" type="stmt"/>
        <line num="61" count="8" type="stmt"/>
      </file>
      <file name="wallet-transaction.js" path="/Users/chengte/code/wallet/lib/wallet/class/wallet-transaction.js">
        <metrics statements="7" coveredstatements="7" conditionals="1" coveredconditionals="0" methods="1" coveredmethods="1"/>
        <line num="3" count="125" type="stmt"/>
        <line num="4" count="125" type="stmt"/>
        <line num="5" count="125" type="stmt"/>
        <line num="6" count="125" type="stmt"/>
        <line num="7" count="125" type="stmt"/>
        <line num="8" count="125" type="stmt"/>
        <line num="12" count="8" type="stmt"/>
      </file>
      <file name="wallet.js" path="/Users/chengte/code/wallet/lib/wallet/class/wallet.js">
        <metrics statements="35" coveredstatements="35" conditionals="11" coveredconditionals="11" methods="7" coveredmethods="7"/>
        <line num="1" count="8" type="stmt"/>
        <line num="7" count="174" type="stmt"/>
        <line num="8" count="174" type="stmt"/>
        <line num="9" count="174" type="stmt"/>
        <line num="13" count="295" type="stmt"/>
        <line num="17" count="26" type="stmt"/>
        <line num="19" count="26" type="stmt"/>
        <line num="27" count="26" type="stmt"/>
        <line num="29" count="26" type="stmt"/>
        <line num="31" count="26" type="stmt"/>
        <line num="35" count="11" type="stmt"/>
        <line num="37" count="11" type="cond" truecount="2" falsecount="0"/>
        <line num="38" count="4" type="stmt"/>
        <line num="41" count="7" type="stmt"/>
        <line num="49" count="7" type="stmt"/>
        <line num="51" count="7" type="stmt"/>
        <line num="53" count="7" type="stmt"/>
        <line num="57" count="29" type="stmt"/>
        <line num="61" count="29" type="cond" truecount="2" falsecount="0"/>
        <line num="62" count="20" type="cond" truecount="2" falsecount="0"/>
        <line num="63" count="11" type="stmt"/>
        <line num="66" count="9" type="stmt"/>
        <line num="74" count="9" type="stmt"/>
        <line num="76" count="9" type="stmt"/>
        <line num="79" count="18" type="cond" truecount="2" falsecount="0"/>
        <line num="80" count="9" type="stmt"/>
        <line num="88" count="9" type="stmt"/>
        <line num="90" count="9" type="stmt"/>
        <line num="93" count="18" type="stmt"/>
        <line num="97" count="3" type="stmt"/>
        <line num="100" count="12" type="cond" truecount="2" falsecount="0"/>
        <line num="102" count="3" type="stmt"/>
        <line num="104" count="3" type="stmt"/>
        <line num="106" count="3" type="stmt"/>
        <line num="110" count="8" type="stmt"/>
      </file>
    </package>
  </project>
</coverage>
