{"/Users/chengte/code/wallet/lib/wallet/config.js": {"path":"/Users/chengte/code/wallet/lib/wallet/config.js","statementMap":{"0":{"start":{"line":1,"column":16},"end":{"line":1,"column":34}},"1":{"start":{"line":5,"column":4},"end":{"line":5,"column":15}},"2":{"start":{"line":7,"column":0},"end":{"line":16,"column":2}}},"fnMap":{},"branchMap":{"0":{"loc":{"start":{"line":9,"column":11},"end":{"line":9,"column":34}},"type":"binary-expr","locations":[{"start":{"line":9,"column":11},"end":{"line":9,"column":24}},{"start":{"line":9,"column":28},"end":{"line":9,"column":34}}],"line":9}},"s":{"0":6,"1":6,"2":6},"f":{},"b":{"0":[6,6]},"_coverageSchema":"1a1c01bbd47fc00a2c39e90264f33305004495a9","hash":"7d3edacaeb61f80c2ac56b84938f9e07c7eba7e3"}
,"/Users/chengte/code/wallet/lib/wallet/entity.repository.js": {"path":"/Users/chengte/code/wallet/lib/wallet/entity.repository.js","statementMap":{"0":{"start":{"line":1,"column":23},"end":{"line":1,"column":38}},"1":{"start":{"line":8,"column":4},"end":{"line":8,"column":23}},"2":{"start":{"line":12,"column":18},"end":{"line":12,"column":28}},"3":{"start":{"line":13,"column":4},"end":{"line":13,"column":24}},"4":{"start":{"line":15,"column":4},"end":{"line":15,"column":30}},"5":{"start":{"line":17,"column":4},"end":{"line":17,"column":17}},"6":{"start":{"line":21,"column":4},"end":{"line":27,"column":6}},"7":{"start":{"line":22,"column":6},"end":{"line":26,"column":15}},"8":{"start":{"line":23,"column":8},"end":{"line":23,"column":43}},"9":{"start":{"line":23,"column":30},"end":{"line":23,"column":43}},"10":{"start":{"line":25,"column":8},"end":{"line":25,"column":22}},"11":{"start":{"line":31,"column":16},"end":{"line":31,"column":54}},"12":{"start":{"line":33,"column":4},"end":{"line":33,"column":23}},"13":{"start":{"line":37,"column":19},"end":{"line":37,"column":44}},"14":{"start":{"line":39,"column":4},"end":{"line":41,"column":5}},"15":{"start":{"line":40,"column":6},"end":{"line":40,"column":54}},"16":{"start":{"line":43,"column":22},"end":{"line":46,"column":5}},"17":{"start":{"line":48,"column":4},"end":{"line":56,"column":11}},"18":{"start":{"line":49,"column":6},"end":{"line":53,"column":7}},"19":{"start":{"line":50,"column":8},"end":{"line":50,"column":28}},"20":{"start":{"line":52,"column":8},"end":{"line":52,"column":25}},"21":{"start":{"line":55,"column":6},"end":{"line":55,"column":17}},"22":{"start":{"line":58,"column":4},"end":{"line":58,"column":21}},"23":{"start":{"line":63,"column":21},"end":{"line":63,"column":61}},"24":{"start":{"line":65,"column":4},"end":{"line":65,"column":20}},"25":{"start":{"line":69,"column":0},"end":{"line":69,"column":34}}},"fnMap":{"0":{"name":"(anonymous_0)","decl":{"start":{"line":7,"column":2},"end":{"line":7,"column":3}},"loc":{"start":{"line":7,"column":16},"end":{"line":9,"column":3}},"line":7},"1":{"name":"(anonymous_1)","decl":{"start":{"line":11,"column":2},"end":{"line":11,"column":3}},"loc":{"start":{"line":11,"column":20},"end":{"line":18,"column":3}},"line":11},"2":{"name":"(anonymous_2)","decl":{"start":{"line":20,"column":2},"end":{"line":20,"column":3}},"loc":{"start":{"line":20,"column":16},"end":{"line":28,"column":3}},"line":20},"3":{"name":"(anonymous_3)","decl":{"start":{"line":21,"column":11},"end":{"line":21,"column":12}},"loc":{"start":{"line":21,"column":24},"end":{"line":27,"column":5}},"line":21},"4":{"name":"(anonymous_4)","decl":{"start":{"line":22,"column":42},"end":{"line":22,"column":43}},"loc":{"start":{"line":22,"column":68},"end":{"line":26,"column":7}},"line":22},"5":{"name":"(anonymous_5)","decl":{"start":{"line":30,"column":2},"end":{"line":30,"column":3}},"loc":{"start":{"line":30,"column":23},"end":{"line":34,"column":3}},"line":30},"6":{"name":"(anonymous_6)","decl":{"start":{"line":36,"column":2},"end":{"line":36,"column":3}},"loc":{"start":{"line":36,"column":33},"end":{"line":59,"column":3}},"line":36},"7":{"name":"(anonymous_7)","decl":{"start":{"line":48,"column":41},"end":{"line":48,"column":42}},"loc":{"start":{"line":48,"column":58},"end":{"line":56,"column":5}},"line":48},"8":{"name":"(anonymous_8)","decl":{"start":{"line":61,"column":2},"end":{"line":61,"column":3}},"loc":{"start":{"line":61,"column":29},"end":{"line":66,"column":3}},"line":61}},"branchMap":{"0":{"loc":{"start":{"line":23,"column":8},"end":{"line":23,"column":43}},"type":"if","locations":[{"start":{"line":23,"column":8},"end":{"line":23,"column":43}},{"start":{},"end":{}}],"line":23},"1":{"loc":{"start":{"line":33,"column":11},"end":{"line":33,"column":22}},"type":"binary-expr","locations":[{"start":{"line":33,"column":11},"end":{"line":33,"column":14}},{"start":{"line":33,"column":18},"end":{"line":33,"column":22}}],"line":33},"2":{"loc":{"start":{"line":39,"column":4},"end":{"line":41,"column":5}},"type":"if","locations":[{"start":{"line":39,"column":4},"end":{"line":41,"column":5}},{"start":{},"end":{}}],"line":39},"3":{"loc":{"start":{"line":49,"column":6},"end":{"line":53,"column":7}},"type":"if","locations":[{"start":{"line":49,"column":6},"end":{"line":53,"column":7}},{"start":{"line":51,"column":13},"end":{"line":53,"column":7}}],"line":49}},"s":{"0":7,"1":93,"2":118,"3":118,"4":118,"5":118,"6":288,"7":392,"8":392,"9":85,"10":307,"11":233,"12":233,"13":84,"14":84,"15":1,"16":83,"17":83,"18":130,"19":83,"20":47,"21":130,"22":83,"23":55,"24":55,"25":7},"f":{"0":93,"1":118,"2":288,"3":392,"4":392,"5":233,"6":84,"7":130,"8":55},"b":{"0":[85,307],"1":[233,2],"2":[1,83],"3":[83,47]},"_coverageSchema":"1a1c01bbd47fc00a2c39e90264f33305004495a9","hash":"6ab10e1af504abf98ba816125500bdbe24fd8c44"}
,"/Users/chengte/code/wallet/lib/wallet/index.js": {"path":"/Users/chengte/code/wallet/lib/wallet/index.js","statementMap":{"0":{"start":{"line":1,"column":16},"end":{"line":1,"column":34}},"1":{"start":{"line":2,"column":22},"end":{"line":2,"column":49}},"2":{"start":{"line":3,"column":25},"end":{"line":3,"column":55}},"3":{"start":{"line":4,"column":25},"end":{"line":4,"column":55}},"4":{"start":{"line":5,"column":15},"end":{"line":5,"column":34}},"5":{"start":{"line":8,"column":0},"end":{"line":32,"column":2}},"6":{"start":{"line":10,"column":19},"end":{"line":10,"column":54}},"7":{"start":{"line":12,"column":40},"end":{"line":12,"column":87}},"8":{"start":{"line":13,"column":41},"end":{"line":13,"column":89}},"9":{"start":{"line":14,"column":34},"end":{"line":14,"column":75}},"10":{"start":{"line":16,"column":23},"end":{"line":21,"column":5}},"11":{"start":{"line":23,"column":26},"end":{"line":23,"column":63}},"12":{"start":{"line":25,"column":4},"end":{"line":30,"column":6}}},"fnMap":{"0":{"name":"(anonymous_0)","decl":{"start":{"line":9,"column":2},"end":{"line":9,"column":3}},"loc":{"start":{"line":9,"column":73},"end":{"line":31,"column":3}},"line":9}},"branchMap":{"0":{"loc":{"start":{"line":12,"column":40},"end":{"line":12,"column":87}},"type":"binary-expr","locations":[{"start":{"line":12,"column":40},"end":{"line":12,"column":61}},{"start":{"line":12,"column":65},"end":{"line":12,"column":87}}],"line":12},"1":{"loc":{"start":{"line":13,"column":41},"end":{"line":13,"column":89}},"type":"binary-expr","locations":[{"start":{"line":13,"column":41},"end":{"line":13,"column":63}},{"start":{"line":13,"column":67},"end":{"line":13,"column":89}}],"line":13},"2":{"loc":{"start":{"line":14,"column":34},"end":{"line":14,"column":75}},"type":"binary-expr","locations":[{"start":{"line":14,"column":34},"end":{"line":14,"column":49}},{"start":{"line":14,"column":53},"end":{"line":14,"column":75}}],"line":14}},"s":{"0":6,"1":6,"2":6,"3":6,"4":6,"5":6,"6":29,"7":29,"8":29,"9":29,"10":29,"11":29,"12":29},"f":{"0":29},"b":{"0":[29,29],"1":[29,29],"2":[29,29]},"_coverageSchema":"1a1c01bbd47fc00a2c39e90264f33305004495a9","hash":"48ee7a69b82f98045d6dfcf9c58492f28b6d1bf6"}
,"/Users/chengte/code/wallet/lib/wallet/wallet.repository.js": {"path":"/Users/chengte/code/wallet/lib/wallet/wallet.repository.js","statementMap":{"0":{"start":{"line":1,"column":15},"end":{"line":1,"column":40}},"1":{"start":{"line":2,"column":27},"end":{"line":2,"column":65}},"2":{"start":{"line":3,"column":20},"end":{"line":3,"column":51}},"3":{"start":{"line":4,"column":26},"end":{"line":4,"column":63}},"4":{"start":{"line":6,"column":45},"end":{"line":6,"column":47}},"5":{"start":{"line":13,"column":4},"end":{"line":13,"column":62}},"6":{"start":{"line":14,"column":4},"end":{"line":14,"column":55}},"7":{"start":{"line":15,"column":4},"end":{"line":15,"column":57}},"8":{"start":{"line":16,"column":4},"end":{"line":16,"column":43}},"9":{"start":{"line":21,"column":4},"end":{"line":41,"column":5}},"10":{"start":{"line":22,"column":6},"end":{"line":22,"column":42}},"11":{"start":{"line":24,"column":6},"end":{"line":26,"column":7}},"12":{"start":{"line":25,"column":8},"end":{"line":25,"column":74}},"13":{"start":{"line":28,"column":26},"end":{"line":30,"column":8}},"14":{"start":{"line":32,"column":6},"end":{"line":32,"column":90}},"15":{"start":{"line":34,"column":21},"end":{"line":34,"column":61}},"16":{"start":{"line":36,"column":6},"end":{"line":36,"column":20}},"17":{"start":{"line":38,"column":6},"end":{"line":38,"column":74}},"18":{"start":{"line":40,"column":6},"end":{"line":40,"column":14}},"19":{"start":{"line":46,"column":4},"end":{"line":66,"column":5}},"20":{"start":{"line":47,"column":6},"end":{"line":47,"column":42}},"21":{"start":{"line":49,"column":6},"end":{"line":51,"column":7}},"22":{"start":{"line":50,"column":8},"end":{"line":50,"column":86}},"23":{"start":{"line":53,"column":6},"end":{"line":53,"column":78}},"24":{"start":{"line":55,"column":6},"end":{"line":55,"column":32}},"25":{"start":{"line":57,"column":18},"end":{"line":57,"column":78}},"26":{"start":{"line":59,"column":6},"end":{"line":59,"column":77}},"27":{"start":{"line":61,"column":6},"end":{"line":61,"column":41}},"28":{"start":{"line":63,"column":6},"end":{"line":63,"column":99}},"29":{"start":{"line":65,"column":6},"end":{"line":65,"column":14}},"30":{"start":{"line":71,"column":4},"end":{"line":91,"column":5}},"31":{"start":{"line":72,"column":6},"end":{"line":72,"column":42}},"32":{"start":{"line":74,"column":6},"end":{"line":76,"column":7}},"33":{"start":{"line":75,"column":8},"end":{"line":75,"column":86}},"34":{"start":{"line":78,"column":6},"end":{"line":78,"column":78}},"35":{"start":{"line":80,"column":6},"end":{"line":80,"column":32}},"36":{"start":{"line":82,"column":18},"end":{"line":82,"column":112}},"37":{"start":{"line":84,"column":6},"end":{"line":84,"column":77}},"38":{"start":{"line":86,"column":6},"end":{"line":86,"column":41}},"39":{"start":{"line":88,"column":6},"end":{"line":88,"column":99}},"40":{"start":{"line":90,"column":6},"end":{"line":90,"column":14}},"41":{"start":{"line":96,"column":4},"end":{"line":116,"column":5}},"42":{"start":{"line":97,"column":6},"end":{"line":97,"column":42}},"43":{"start":{"line":99,"column":6},"end":{"line":101,"column":7}},"44":{"start":{"line":100,"column":8},"end":{"line":100,"column":86}},"45":{"start":{"line":103,"column":6},"end":{"line":103,"column":78}},"46":{"start":{"line":105,"column":6},"end":{"line":105,"column":35}},"47":{"start":{"line":107,"column":18},"end":{"line":107,"column":112}},"48":{"start":{"line":109,"column":6},"end":{"line":109,"column":77}},"49":{"start":{"line":111,"column":6},"end":{"line":111,"column":41}},"50":{"start":{"line":113,"column":6},"end":{"line":113,"column":99}},"51":{"start":{"line":115,"column":6},"end":{"line":115,"column":14}},"52":{"start":{"line":122,"column":4},"end":{"line":151,"column":5}},"53":{"start":{"line":123,"column":6},"end":{"line":123,"column":42}},"54":{"start":{"line":125,"column":6},"end":{"line":125,"column":59}},"55":{"start":{"line":127,"column":26},"end":{"line":127,"column":78}},"56":{"start":{"line":129,"column":6},"end":{"line":131,"column":7}},"57":{"start":{"line":130,"column":8},"end":{"line":130,"column":87}},"58":{"start":{"line":133,"column":31},"end":{"line":133,"column":33}},"59":{"start":{"line":134,"column":6},"end":{"line":140,"column":7}},"60":{"start":{"line":135,"column":8},"end":{"line":135,"column":168}},"61":{"start":{"line":137,"column":8},"end":{"line":137,"column":85}},"62":{"start":{"line":137,"column":59},"end":{"line":137,"column":83}},"63":{"start":{"line":139,"column":8},"end":{"line":139,"column":116}},"64":{"start":{"line":139,"column":43},"end":{"line":139,"column":113}},"65":{"start":{"line":142,"column":21},"end":{"line":142,"column":81}},"66":{"start":{"line":144,"column":6},"end":{"line":144,"column":58}},"67":{"start":{"line":146,"column":6},"end":{"line":146,"column":20}},"68":{"start":{"line":148,"column":6},"end":{"line":148,"column":72}},"69":{"start":{"line":150,"column":6},"end":{"line":150,"column":14}},"70":{"start":{"line":158,"column":4},"end":{"line":180,"column":5}},"71":{"start":{"line":159,"column":6},"end":{"line":159,"column":42}},"72":{"start":{"line":161,"column":6},"end":{"line":161,"column":58}},"73":{"start":{"line":163,"column":23},"end":{"line":163,"column":138}},"74":{"start":{"line":163,"column":85},"end":{"line":163,"column":137}},"75":{"start":{"line":165,"column":6},"end":{"line":165,"column":64}},"76":{"start":{"line":169,"column":6},"end":{"line":169,"column":34}},"77":{"start":{"line":171,"column":24},"end":{"line":171,"column":102}},"78":{"start":{"line":173,"column":6},"end":{"line":173,"column":57}},"79":{"start":{"line":175,"column":6},"end":{"line":175,"column":23}},"80":{"start":{"line":177,"column":6},"end":{"line":177,"column":73}},"81":{"start":{"line":179,"column":6},"end":{"line":179,"column":14}},"82":{"start":{"line":185,"column":14},"end":{"line":185,"column":72}},"83":{"start":{"line":186,"column":28},"end":{"line":186,"column":48}},"84":{"start":{"line":188,"column":4},"end":{"line":188,"column":60}},"85":{"start":{"line":190,"column":4},"end":{"line":190,"column":107}},"86":{"start":{"line":191,"column":4},"end":{"line":191,"column":45}},"87":{"start":{"line":193,"column":4},"end":{"line":193,"column":38}},"88":{"start":{"line":197,"column":0},"end":{"line":197,"column":34}}},"fnMap":{"0":{"name":"(anonymous_0)","decl":{"start":{"line":12,"column":2},"end":{"line":12,"column":3}},"loc":{"start":{"line":12,"column":86},"end":{"line":17,"column":3}},"line":12},"1":{"name":"(anonymous_1)","decl":{"start":{"line":19,"column":2},"end":{"line":19,"column":3}},"loc":{"start":{"line":19,"column":38},"end":{"line":42,"column":3}},"line":19},"2":{"name":"(anonymous_2)","decl":{"start":{"line":44,"column":2},"end":{"line":44,"column":3}},"loc":{"start":{"line":44,"column":60},"end":{"line":67,"column":3}},"line":44},"3":{"name":"(anonymous_3)","decl":{"start":{"line":69,"column":2},"end":{"line":69,"column":3}},"loc":{"start":{"line":69,"column":60},"end":{"line":92,"column":3}},"line":69},"4":{"name":"(anonymous_4)","decl":{"start":{"line":94,"column":2},"end":{"line":94,"column":3}},"loc":{"start":{"line":94,"column":62},"end":{"line":117,"column":3}},"line":94},"5":{"name":"(anonymous_5)","decl":{"start":{"line":119,"column":2},"end":{"line":119,"column":3}},"loc":{"start":{"line":119,"column":64},"end":{"line":152,"column":3}},"line":119},"6":{"name":"(anonymous_6)","decl":{"start":{"line":137,"column":52},"end":{"line":137,"column":53}},"loc":{"start":{"line":137,"column":59},"end":{"line":137,"column":83}},"line":137},"7":{"name":"(anonymous_7)","decl":{"start":{"line":139,"column":32},"end":{"line":139,"column":33}},"loc":{"start":{"line":139,"column":43},"end":{"line":139,"column":113}},"line":139},"8":{"name":"(anonymous_8)","decl":{"start":{"line":154,"column":2},"end":{"line":154,"column":3}},"loc":{"start":{"line":154,"column":38},"end":{"line":181,"column":3}},"line":154},"9":{"name":"(anonymous_9)","decl":{"start":{"line":163,"column":56},"end":{"line":163,"column":57}},"loc":{"start":{"line":163,"column":85},"end":{"line":163,"column":137}},"line":163},"10":{"name":"(anonymous_10)","decl":{"start":{"line":183,"column":2},"end":{"line":183,"column":3}},"loc":{"start":{"line":183,"column":39},"end":{"line":194,"column":3}},"line":183}},"branchMap":{"0":{"loc":{"start":{"line":24,"column":6},"end":{"line":26,"column":7}},"type":"if","locations":[{"start":{"line":24,"column":6},"end":{"line":26,"column":7}},{"start":{},"end":{}}],"line":24},"1":{"loc":{"start":{"line":49,"column":6},"end":{"line":51,"column":7}},"type":"if","locations":[{"start":{"line":49,"column":6},"end":{"line":51,"column":7}},{"start":{},"end":{}}],"line":49},"2":{"loc":{"start":{"line":63,"column":51},"end":{"line":63,"column":75}},"type":"binary-expr","locations":[{"start":{"line":63,"column":51},"end":{"line":63,"column":69}},{"start":{"line":63,"column":73},"end":{"line":63,"column":75}}],"line":63},"3":{"loc":{"start":{"line":74,"column":6},"end":{"line":76,"column":7}},"type":"if","locations":[{"start":{"line":74,"column":6},"end":{"line":76,"column":7}},{"start":{},"end":{}}],"line":74},"4":{"loc":{"start":{"line":88,"column":51},"end":{"line":88,"column":75}},"type":"binary-expr","locations":[{"start":{"line":88,"column":51},"end":{"line":88,"column":69}},{"start":{"line":88,"column":73},"end":{"line":88,"column":75}}],"line":88},"5":{"loc":{"start":{"line":99,"column":6},"end":{"line":101,"column":7}},"type":"if","locations":[{"start":{"line":99,"column":6},"end":{"line":101,"column":7}},{"start":{},"end":{}}],"line":99},"6":{"loc":{"start":{"line":113,"column":51},"end":{"line":113,"column":75}},"type":"binary-expr","locations":[{"start":{"line":113,"column":51},"end":{"line":113,"column":69}},{"start":{"line":113,"column":73},"end":{"line":113,"column":75}}],"line":113},"7":{"loc":{"start":{"line":119,"column":37},"end":{"line":119,"column":62}},"type":"default-arg","locations":[{"start":{"line":119,"column":61},"end":{"line":119,"column":62}}],"line":119},"8":{"loc":{"start":{"line":129,"column":6},"end":{"line":131,"column":7}},"type":"if","locations":[{"start":{"line":129,"column":6},"end":{"line":131,"column":7}},{"start":{},"end":{}}],"line":129},"9":{"loc":{"start":{"line":134,"column":6},"end":{"line":140,"column":7}},"type":"if","locations":[{"start":{"line":134,"column":6},"end":{"line":140,"column":7}},{"start":{},"end":{}}],"line":134},"10":{"loc":{"start":{"line":139,"column":43},"end":{"line":139,"column":113}},"type":"cond-expr","locations":[{"start":{"line":139,"column":107},"end":{"line":139,"column":109}},{"start":{"line":139,"column":112},"end":{"line":139,"column":113}}],"line":139}},"s":{"0":7,"1":7,"2":7,"3":7,"4":7,"5":45,"6":45,"7":45,"8":45,"9":37,"10":37,"11":37,"12":1,"13":36,"14":36,"15":36,"16":36,"17":1,"18":1,"19":46,"20":46,"21":46,"22":1,"23":45,"24":45,"25":45,"26":45,"27":45,"28":1,"29":1,"30":12,"31":12,"32":12,"33":1,"34":11,"35":11,"36":11,"37":11,"38":11,"39":1,"40":1,"41":37,"42":37,"43":37,"44":1,"45":36,"46":36,"47":36,"48":36,"49":36,"50":1,"51":1,"52":113,"53":113,"54":113,"55":113,"56":113,"57":1,"58":112,"59":112,"60":56,"61":56,"62":74,"63":56,"64":22,"65":112,"66":112,"67":112,"68":1,"69":1,"70":39,"71":39,"72":39,"73":39,"74":39,"75":39,"76":39,"77":39,"78":39,"79":39,"80":0,"81":0,"82":39,"83":39,"84":39,"85":39,"86":39,"87":39,"88":7},"f":{"0":45,"1":37,"2":46,"3":12,"4":37,"5":113,"6":74,"7":22,"8":39,"9":39,"10":39},"b":{"0":[1,36],"1":[1,45],"2":[1,1],"3":[1,11],"4":[1,1],"5":[1,36],"6":[1,1],"7":[57],"8":[1,112],"9":[56,56],"10":[0,22]},"_coverageSchema":"1a1c01bbd47fc00a2c39e90264f33305004495a9","hash":"9be74d691ec4428815817f3f1c6392b80cd0d071"}
,"/Users/chengte/code/wallet/lib/wallet/wallet.service.js": {"path":"/Users/chengte/code/wallet/lib/wallet/wallet.service.js","statementMap":{"0":{"start":{"line":1,"column":27},"end":{"line":1,"column":65}},"1":{"start":{"line":5,"column":4},"end":{"line":5,"column":45}},"2":{"start":{"line":6,"column":4},"end":{"line":6,"column":59}},"3":{"start":{"line":12,"column":4},"end":{"line":26,"column":5}},"4":{"start":{"line":13,"column":6},"end":{"line":13,"column":42}},"5":{"start":{"line":15,"column":6},"end":{"line":15,"column":70}},"6":{"start":{"line":17,"column":21},"end":{"line":17,"column":78}},"7":{"start":{"line":19,"column":6},"end":{"line":19,"column":91}},"8":{"start":{"line":21,"column":6},"end":{"line":21,"column":20}},"9":{"start":{"line":23,"column":6},"end":{"line":23,"column":83}},"10":{"start":{"line":25,"column":6},"end":{"line":25,"column":14}},"11":{"start":{"line":34,"column":4},"end":{"line":61,"column":5}},"12":{"start":{"line":35,"column":6},"end":{"line":35,"column":42}},"13":{"start":{"line":37,"column":6},"end":{"line":37,"column":95}},"14":{"start":{"line":39,"column":40},"end":{"line":39,"column":103}},"15":{"start":{"line":41,"column":6},"end":{"line":41,"column":114}},"16":{"start":{"line":43,"column":6},"end":{"line":43,"column":72}},"17":{"start":{"line":45,"column":6},"end":{"line":45,"column":66}},"18":{"start":{"line":47,"column":6},"end":{"line":47,"column":73}},"19":{"start":{"line":49,"column":6},"end":{"line":49,"column":109}},"20":{"start":{"line":51,"column":6},"end":{"line":51,"column":94}},"21":{"start":{"line":53,"column":6},"end":{"line":53,"column":112}},"22":{"start":{"line":56,"column":6},"end":{"line":58,"column":7}},"23":{"start":{"line":57,"column":8},"end":{"line":57,"column":95}},"24":{"start":{"line":60,"column":6},"end":{"line":60,"column":18}},"25":{"start":{"line":69,"column":4},"end":{"line":96,"column":5}},"26":{"start":{"line":70,"column":6},"end":{"line":70,"column":42}},"27":{"start":{"line":72,"column":6},"end":{"line":72,"column":96}},"28":{"start":{"line":74,"column":41},"end":{"line":74,"column":105}},"29":{"start":{"line":76,"column":6},"end":{"line":76,"column":115}},"30":{"start":{"line":78,"column":6},"end":{"line":78,"column":72}},"31":{"start":{"line":80,"column":6},"end":{"line":80,"column":67}},"32":{"start":{"line":82,"column":6},"end":{"line":82,"column":73}},"33":{"start":{"line":84,"column":6},"end":{"line":84,"column":109}},"34":{"start":{"line":86,"column":6},"end":{"line":86,"column":95}},"35":{"start":{"line":88,"column":6},"end":{"line":88,"column":113}},"36":{"start":{"line":91,"column":6},"end":{"line":93,"column":7}},"37":{"start":{"line":92,"column":8},"end":{"line":92,"column":95}},"38":{"start":{"line":95,"column":6},"end":{"line":95,"column":18}},"39":{"start":{"line":105,"column":4},"end":{"line":136,"column":5}},"40":{"start":{"line":106,"column":6},"end":{"line":106,"column":42}},"41":{"start":{"line":108,"column":6},"end":{"line":108,"column":96}},"42":{"start":{"line":110,"column":41},"end":{"line":110,"column":118}},"43":{"start":{"line":112,"column":6},"end":{"line":112,"column":115}},"44":{"start":{"line":114,"column":6},"end":{"line":114,"column":72}},"45":{"start":{"line":115,"column":6},"end":{"line":115,"column":94}},"46":{"start":{"line":117,"column":6},"end":{"line":117,"column":67}},"47":{"start":{"line":118,"column":6},"end":{"line":118,"column":78}},"48":{"start":{"line":121,"column":6},"end":{"line":121,"column":73}},"49":{"start":{"line":122,"column":6},"end":{"line":122,"column":95}},"50":{"start":{"line":124,"column":6},"end":{"line":124,"column":109}},"51":{"start":{"line":126,"column":6},"end":{"line":126,"column":95}},"52":{"start":{"line":128,"column":6},"end":{"line":128,"column":113}},"53":{"start":{"line":131,"column":6},"end":{"line":133,"column":7}},"54":{"start":{"line":132,"column":8},"end":{"line":132,"column":95}},"55":{"start":{"line":135,"column":6},"end":{"line":135,"column":18}},"56":{"start":{"line":142,"column":4},"end":{"line":156,"column":5}},"57":{"start":{"line":143,"column":6},"end":{"line":143,"column":42}},"58":{"start":{"line":145,"column":6},"end":{"line":145,"column":87}},"59":{"start":{"line":147,"column":21},"end":{"line":147,"column":81}},"60":{"start":{"line":149,"column":6},"end":{"line":149,"column":86}},"61":{"start":{"line":151,"column":6},"end":{"line":151,"column":20}},"62":{"start":{"line":153,"column":6},"end":{"line":153,"column":100}},"63":{"start":{"line":155,"column":6},"end":{"line":155,"column":14}},"64":{"start":{"line":160,"column":0},"end":{"line":160,"column":31}}},"fnMap":{"0":{"name":"(anonymous_0)","decl":{"start":{"line":4,"column":2},"end":{"line":4,"column":3}},"loc":{"start":{"line":4,"column":40},"end":{"line":7,"column":3}},"line":4},"1":{"name":"(anonymous_1)","decl":{"start":{"line":9,"column":2},"end":{"line":9,"column":3}},"loc":{"start":{"line":9,"column":48},"end":{"line":27,"column":3}},"line":9},"2":{"name":"(anonymous_2)","decl":{"start":{"line":29,"column":2},"end":{"line":29,"column":3}},"loc":{"start":{"line":29,"column":61},"end":{"line":62,"column":3}},"line":29},"3":{"name":"(anonymous_3)","decl":{"start":{"line":64,"column":2},"end":{"line":64,"column":3}},"loc":{"start":{"line":64,"column":62},"end":{"line":97,"column":3}},"line":64},"4":{"name":"(anonymous_4)","decl":{"start":{"line":99,"column":2},"end":{"line":99,"column":3}},"loc":{"start":{"line":99,"column":78},"end":{"line":137,"column":3}},"line":99},"5":{"name":"(anonymous_5)","decl":{"start":{"line":139,"column":2},"end":{"line":139,"column":3}},"loc":{"start":{"line":139,"column":51},"end":{"line":157,"column":3}},"line":139}},"branchMap":{"0":{"loc":{"start":{"line":9,"column":21},"end":{"line":9,"column":33}},"type":"default-arg","locations":[{"start":{"line":9,"column":31},"end":{"line":9,"column":33}}],"line":9},"1":{"loc":{"start":{"line":29,"column":16},"end":{"line":29,"column":28}},"type":"default-arg","locations":[{"start":{"line":29,"column":26},"end":{"line":29,"column":28}}],"line":29},"2":{"loc":{"start":{"line":56,"column":6},"end":{"line":58,"column":7}},"type":"if","locations":[{"start":{"line":56,"column":6},"end":{"line":58,"column":7}},{"start":{},"end":{}}],"line":56},"3":{"loc":{"start":{"line":64,"column":17},"end":{"line":64,"column":29}},"type":"default-arg","locations":[{"start":{"line":64,"column":27},"end":{"line":64,"column":29}}],"line":64},"4":{"loc":{"start":{"line":91,"column":6},"end":{"line":93,"column":7}},"type":"if","locations":[{"start":{"line":91,"column":6},"end":{"line":93,"column":7}},{"start":{},"end":{}}],"line":91},"5":{"loc":{"start":{"line":131,"column":6},"end":{"line":133,"column":7}},"type":"if","locations":[{"start":{"line":131,"column":6},"end":{"line":133,"column":7}},{"start":{},"end":{}}],"line":131}},"s":{"0":7,"1":55,"2":55,"3":37,"4":37,"5":37,"6":37,"7":36,"8":36,"9":1,"10":1,"11":36,"12":36,"13":36,"14":36,"15":36,"16":35,"17":29,"18":29,"19":29,"20":29,"21":7,"22":7,"23":6,"24":7,"25":14,"26":14,"27":14,"28":14,"29":14,"30":13,"31":13,"32":10,"33":10,"34":10,"35":4,"36":4,"37":3,"38":4,"39":17,"40":17,"41":17,"42":17,"43":17,"44":16,"45":16,"46":16,"47":10,"48":10,"49":10,"50":10,"51":10,"52":7,"53":7,"54":6,"55":7,"56":15,"57":15,"58":15,"59":15,"60":15,"61":15,"62":0,"63":0,"64":7},"f":{"0":55,"1":37,"2":36,"3":14,"4":17,"5":15},"b":{"0":[0],"1":[0],"2":[6,1],"3":[0],"4":[3,1],"5":[6,1]},"_coverageSchema":"1a1c01bbd47fc00a2c39e90264f33305004495a9","hash":"7d993cad4dd8a077e192d8842eb7f17b69a8e9ff"}
,"/Users/chengte/code/wallet/lib/wallet/class/transaction-request.js": {"path":"/Users/chengte/code/wallet/lib/wallet/class/transaction-request.js","statementMap":{"0":{"start":{"line":1,"column":40},"end":{"line":4,"column":1}},"1":{"start":{"line":6,"column":33},"end":{"line":10,"column":1}},"2":{"start":{"line":12,"column":35},"end":{"line":17,"column":1}},"3":{"start":{"line":22,"column":4},"end":{"line":22,"column":21}},"4":{"start":{"line":23,"column":4},"end":{"line":23,"column":37}},"5":{"start":{"line":24,"column":4},"end":{"line":24,"column":33}},"6":{"start":{"line":25,"column":4},"end":{"line":25,"column":25}},"7":{"start":{"line":26,"column":4},"end":{"line":26,"column":43}},"8":{"start":{"line":27,"column":4},"end":{"line":27,"column":47}},"9":{"start":{"line":28,"column":4},"end":{"line":28,"column":33}},"10":{"start":{"line":29,"column":4},"end":{"line":29,"column":23}},"11":{"start":{"line":31,"column":4},"end":{"line":31,"column":29}},"12":{"start":{"line":32,"column":4},"end":{"line":32,"column":35}},"13":{"start":{"line":33,"column":4},"end":{"line":33,"column":39}},"14":{"start":{"line":34,"column":4},"end":{"line":34,"column":33}},"15":{"start":{"line":38,"column":4},"end":{"line":38,"column":53}},"16":{"start":{"line":40,"column":4},"end":{"line":40,"column":77}},"17":{"start":{"line":40,"column":26},"end":{"line":40,"column":75}},"18":{"start":{"line":41,"column":4},"end":{"line":41,"column":76}},"19":{"start":{"line":41,"column":25},"end":{"line":41,"column":74}},"20":{"start":{"line":42,"column":4},"end":{"line":42,"column":79}},"21":{"start":{"line":42,"column":28},"end":{"line":42,"column":77}},"22":{"start":{"line":46,"column":4},"end":{"line":46,"column":32}},"23":{"start":{"line":47,"column":4},"end":{"line":47,"column":24}},"24":{"start":{"line":51,"column":4},"end":{"line":51,"column":34}},"25":{"start":{"line":52,"column":4},"end":{"line":52,"column":24}},"26":{"start":{"line":56,"column":4},"end":{"line":56,"column":31}},"27":{"start":{"line":57,"column":4},"end":{"line":57,"column":24}},"28":{"start":{"line":61,"column":4},"end":{"line":71,"column":7}},"29":{"start":{"line":75,"column":4},"end":{"line":85,"column":7}},"30":{"start":{"line":89,"column":4},"end":{"line":99,"column":7}},"31":{"start":{"line":103,"column":0},"end":{"line":103,"column":85}},"32":{"start":{"line":104,"column":0},"end":{"line":104,"column":71}},"33":{"start":{"line":105,"column":0},"end":{"line":105,"column":75}},"34":{"start":{"line":107,"column":0},"end":{"line":107,"column":36}}},"fnMap":{"0":{"name":"(anonymous_0)","decl":{"start":{"line":20,"column":2},"end":{"line":20,"column":3}},"loc":{"start":{"line":20,"column":24},"end":{"line":35,"column":3}},"line":20},"1":{"name":"(anonymous_1)","decl":{"start":{"line":37,"column":2},"end":{"line":37,"column":3}},"loc":{"start":{"line":37,"column":17},"end":{"line":43,"column":3}},"line":37},"2":{"name":"(anonymous_2)","decl":{"start":{"line":45,"column":2},"end":{"line":45,"column":3}},"loc":{"start":{"line":45,"column":9},"end":{"line":48,"column":3}},"line":45},"3":{"name":"(anonymous_3)","decl":{"start":{"line":50,"column":2},"end":{"line":50,"column":3}},"loc":{"start":{"line":50,"column":12},"end":{"line":53,"column":3}},"line":50},"4":{"name":"(anonymous_4)","decl":{"start":{"line":55,"column":2},"end":{"line":55,"column":3}},"loc":{"start":{"line":55,"column":9},"end":{"line":58,"column":3}},"line":55},"5":{"name":"(anonymous_5)","decl":{"start":{"line":60,"column":2},"end":{"line":60,"column":3}},"loc":{"start":{"line":60,"column":54},"end":{"line":72,"column":3}},"line":60},"6":{"name":"(anonymous_6)","decl":{"start":{"line":74,"column":2},"end":{"line":74,"column":3}},"loc":{"start":{"line":74,"column":55},"end":{"line":86,"column":3}},"line":74},"7":{"name":"(anonymous_7)","decl":{"start":{"line":88,"column":2},"end":{"line":88,"column":3}},"loc":{"start":{"line":88,"column":68},"end":{"line":100,"column":3}},"line":88}},"branchMap":{"0":{"loc":{"start":{"line":20,"column":14},"end":{"line":20,"column":22}},"type":"default-arg","locations":[{"start":{"line":20,"column":20},"end":{"line":20,"column":22}}],"line":20},"1":{"loc":{"start":{"line":40,"column":4},"end":{"line":40,"column":77}},"type":"if","locations":[{"start":{"line":40,"column":4},"end":{"line":40,"column":77}},{"start":{},"end":{}}],"line":40},"2":{"loc":{"start":{"line":41,"column":4},"end":{"line":41,"column":76}},"type":"if","locations":[{"start":{"line":41,"column":4},"end":{"line":41,"column":76}},{"start":{},"end":{}}],"line":41},"3":{"loc":{"start":{"line":42,"column":4},"end":{"line":42,"column":79}},"type":"if","locations":[{"start":{"line":42,"column":4},"end":{"line":42,"column":79}},{"start":{},"end":{}}],"line":42}},"s":{"0":8,"1":8,"2":8,"3":159,"4":159,"5":159,"6":159,"7":159,"8":159,"9":159,"10":159,"11":159,"12":159,"13":159,"14":159,"15":86,"16":86,"17":86,"18":86,"19":9,"20":86,"21":34,"22":43,"23":43,"24":34,"25":34,"26":9,"27":9,"28":36,"29":14,"30":17,"31":8,"32":8,"33":8,"34":8},"f":{"0":159,"1":86,"2":43,"3":34,"4":9,"5":36,"6":14,"7":17},"b":{"0":[6],"1":[86,0],"2":[9,77],"3":[34,52]},"_coverageSchema":"1a1c01bbd47fc00a2c39e90264f33305004495a9","hash":"c776057323be2ef3651ee7d98c22bef3ee0917ce"}
,"/Users/chengte/code/wallet/lib/wallet/class/wallet-state.js": {"path":"/Users/chengte/code/wallet/lib/wallet/class/wallet-state.js","statementMap":{"0":{"start":{"line":3,"column":4},"end":{"line":3,"column":21}},"1":{"start":{"line":4,"column":4},"end":{"line":4,"column":29}},"2":{"start":{"line":5,"column":4},"end":{"line":5,"column":34}},"3":{"start":{"line":6,"column":4},"end":{"line":6,"column":65}},"4":{"start":{"line":8,"column":4},"end":{"line":8,"column":26}},"5":{"start":{"line":12,"column":4},"end":{"line":16,"column":6}},"6":{"start":{"line":20,"column":4},"end":{"line":24,"column":6}},"7":{"start":{"line":28,"column":4},"end":{"line":32,"column":6}},"8":{"start":{"line":36,"column":4},"end":{"line":40,"column":6}},"9":{"start":{"line":44,"column":4},"end":{"line":51,"column":11}},"10":{"start":{"line":45,"column":6},"end":{"line":45,"column":63}},"11":{"start":{"line":45,"column":30},"end":{"line":45,"column":61}},"12":{"start":{"line":46,"column":6},"end":{"line":48,"column":7}},"13":{"start":{"line":47,"column":8},"end":{"line":47,"column":25}},"14":{"start":{"line":50,"column":6},"end":{"line":50,"column":17}},"15":{"start":{"line":55,"column":4},"end":{"line":55,"column":47}},"16":{"start":{"line":57,"column":4},"end":{"line":57,"column":26}},"17":{"start":{"line":61,"column":0},"end":{"line":61,"column":29}}},"fnMap":{"0":{"name":"(anonymous_0)","decl":{"start":{"line":2,"column":2},"end":{"line":2,"column":3}},"loc":{"start":{"line":2,"column":24},"end":{"line":9,"column":3}},"line":2},"1":{"name":"(anonymous_1)","decl":{"start":{"line":11,"column":2},"end":{"line":11,"column":3}},"loc":{"start":{"line":11,"column":40},"end":{"line":17,"column":3}},"line":11},"2":{"name":"(anonymous_2)","decl":{"start":{"line":19,"column":2},"end":{"line":19,"column":3}},"loc":{"start":{"line":19,"column":41},"end":{"line":25,"column":3}},"line":19},"3":{"name":"(anonymous_3)","decl":{"start":{"line":27,"column":2},"end":{"line":27,"column":3}},"loc":{"start":{"line":27,"column":43},"end":{"line":33,"column":3}},"line":27},"4":{"name":"(anonymous_4)","decl":{"start":{"line":35,"column":2},"end":{"line":35,"column":3}},"loc":{"start":{"line":35,"column":48},"end":{"line":41,"column":3}},"line":35},"5":{"name":"(anonymous_5)","decl":{"start":{"line":43,"column":2},"end":{"line":43,"column":3}},"loc":{"start":{"line":43,"column":25},"end":{"line":52,"column":3}},"line":43},"6":{"name":"(anonymous_6)","decl":{"start":{"line":44,"column":51},"end":{"line":44,"column":52}},"loc":{"start":{"line":44,"column":74},"end":{"line":51,"column":5}},"line":44},"7":{"name":"(anonymous_7)","decl":{"start":{"line":54,"column":2},"end":{"line":54,"column":3}},"loc":{"start":{"line":54,"column":11},"end":{"line":58,"column":3}},"line":54}},"branchMap":{"0":{"loc":{"start":{"line":2,"column":14},"end":{"line":2,"column":22}},"type":"default-arg","locations":[{"start":{"line":2,"column":20},"end":{"line":2,"column":22}}],"line":2},"1":{"loc":{"start":{"line":5,"column":18},"end":{"line":5,"column":33}},"type":"binary-expr","locations":[{"start":{"line":5,"column":18},"end":{"line":5,"column":28}},{"start":{"line":5,"column":32},"end":{"line":5,"column":33}}],"line":5},"2":{"loc":{"start":{"line":14,"column":15},"end":{"line":14,"column":43}},"type":"binary-expr","locations":[{"start":{"line":14,"column":15},"end":{"line":14,"column":38}},{"start":{"line":14,"column":42},"end":{"line":14,"column":43}}],"line":14},"3":{"loc":{"start":{"line":22,"column":15},"end":{"line":22,"column":43}},"type":"binary-expr","locations":[{"start":{"line":22,"column":15},"end":{"line":22,"column":38}},{"start":{"line":22,"column":42},"end":{"line":22,"column":43}}],"line":22},"4":{"loc":{"start":{"line":30,"column":15},"end":{"line":30,"column":43}},"type":"binary-expr","locations":[{"start":{"line":30,"column":15},"end":{"line":30,"column":38}},{"start":{"line":30,"column":42},"end":{"line":30,"column":43}}],"line":30},"5":{"loc":{"start":{"line":38,"column":15},"end":{"line":38,"column":43}},"type":"binary-expr","locations":[{"start":{"line":38,"column":15},"end":{"line":38,"column":38}},{"start":{"line":38,"column":42},"end":{"line":38,"column":43}}],"line":38},"6":{"loc":{"start":{"line":45,"column":6},"end":{"line":45,"column":63}},"type":"if","locations":[{"start":{"line":45,"column":6},"end":{"line":45,"column":63}},{"start":{},"end":{}}],"line":45},"7":{"loc":{"start":{"line":46,"column":6},"end":{"line":48,"column":7}},"type":"if","locations":[{"start":{"line":46,"column":6},"end":{"line":48,"column":7}},{"start":{},"end":{}}],"line":46}},"s":{"0":252,"1":252,"2":252,"3":252,"4":252,"5":26,"6":7,"7":9,"8":9,"9":81,"10":78,"11":39,"12":78,"13":39,"14":78,"15":42,"16":42,"17":8},"f":{"0":252,"1":26,"2":7,"3":9,"4":9,"5":81,"6":78,"7":42},"b":{"0":[26],"1":[252,128],"2":[26,26],"3":[7,7],"4":[9,9],"5":[9,9],"6":[39,39],"7":[39,39]},"_coverageSchema":"1a1c01bbd47fc00a2c39e90264f33305004495a9","hash":"a1ba375f1bea6889c09db54e7a6015f158ee78db"}
,"/Users/chengte/code/wallet/lib/wallet/class/wallet-transaction.js": {"path":"/Users/chengte/code/wallet/lib/wallet/class/wallet-transaction.js","statementMap":{"0":{"start":{"line":3,"column":4},"end":{"line":3,"column":21}},"1":{"start":{"line":4,"column":4},"end":{"line":4,"column":33}},"2":{"start":{"line":5,"column":4},"end":{"line":5,"column":57}},"3":{"start":{"line":6,"column":4},"end":{"line":6,"column":41}},"4":{"start":{"line":7,"column":4},"end":{"line":7,"column":31}},"5":{"start":{"line":8,"column":4},"end":{"line":8,"column":71}},"6":{"start":{"line":12,"column":0},"end":{"line":12,"column":35}}},"fnMap":{"0":{"name":"(anonymous_0)","decl":{"start":{"line":2,"column":2},"end":{"line":2,"column":3}},"loc":{"start":{"line":2,"column":24},"end":{"line":9,"column":3}},"line":2}},"branchMap":{"0":{"loc":{"start":{"line":2,"column":14},"end":{"line":2,"column":22}},"type":"default-arg","locations":[{"start":{"line":2,"column":20},"end":{"line":2,"column":22}}],"line":2}},"s":{"0":125,"1":125,"2":125,"3":125,"4":125,"5":125,"6":8},"f":{"0":125},"b":{"0":[0]},"_coverageSchema":"1a1c01bbd47fc00a2c39e90264f33305004495a9","hash":"35bbd382866b6549d00537f90672ba85c802c77a"}
,"/Users/chengte/code/wallet/lib/wallet/class/wallet.js": {"path":"/Users/chengte/code/wallet/lib/wallet/class/wallet.js","statementMap":{"0":{"start":{"line":1,"column":26},"end":{"line":1,"column":57}},"1":{"start":{"line":7,"column":4},"end":{"line":7,"column":35}},"2":{"start":{"line":8,"column":4},"end":{"line":8,"column":49}},"3":{"start":{"line":9,"column":4},"end":{"line":9,"column":36}},"4":{"start":{"line":13,"column":4},"end":{"line":13,"column":31}},"5":{"start":{"line":17,"column":25},"end":{"line":17,"column":59}},"6":{"start":{"line":19,"column":30},"end":{"line":25,"column":6}},"7":{"start":{"line":27,"column":4},"end":{"line":27,"column":55}},"8":{"start":{"line":29,"column":4},"end":{"line":29,"column":66}},"9":{"start":{"line":31,"column":4},"end":{"line":31,"column":16}},"10":{"start":{"line":35,"column":25},"end":{"line":35,"column":59}},"11":{"start":{"line":37,"column":4},"end":{"line":39,"column":5}},"12":{"start":{"line":38,"column":6},"end":{"line":38,"column":78}},"13":{"start":{"line":41,"column":30},"end":{"line":47,"column":6}},"14":{"start":{"line":49,"column":4},"end":{"line":49,"column":55}},"15":{"start":{"line":51,"column":4},"end":{"line":51,"column":67}},"16":{"start":{"line":53,"column":4},"end":{"line":53,"column":16}},"17":{"start":{"line":57,"column":25},"end":{"line":57,"column":59}},"18":{"start":{"line":61,"column":4},"end":{"line":77,"column":5}},"19":{"start":{"line":62,"column":6},"end":{"line":64,"column":7}},"20":{"start":{"line":63,"column":8},"end":{"line":63,"column":80}},"21":{"start":{"line":66,"column":6},"end":{"line":72,"column":9}},"22":{"start":{"line":74,"column":6},"end":{"line":74,"column":57}},"23":{"start":{"line":76,"column":6},"end":{"line":76,"column":71}},"24":{"start":{"line":79,"column":4},"end":{"line":91,"column":5}},"25":{"start":{"line":80,"column":6},"end":{"line":86,"column":9}},"26":{"start":{"line":88,"column":6},"end":{"line":88,"column":57}},"27":{"start":{"line":90,"column":6},"end":{"line":90,"column":76}},"28":{"start":{"line":93,"column":4},"end":{"line":93,"column":16}},"29":{"start":{"line":97,"column":4},"end":{"line":100,"column":59}},"30":{"start":{"line":100,"column":22},"end":{"line":100,"column":56}},"31":{"start":{"line":102,"column":4},"end":{"line":102,"column":30}},"32":{"start":{"line":104,"column":4},"end":{"line":104,"column":36}},"33":{"start":{"line":106,"column":4},"end":{"line":106,"column":16}},"34":{"start":{"line":110,"column":0},"end":{"line":110,"column":24}}},"fnMap":{"0":{"name":"(anonymous_0)","decl":{"start":{"line":6,"column":2},"end":{"line":6,"column":3}},"loc":{"start":{"line":6,"column":52},"end":{"line":10,"column":3}},"line":6},"1":{"name":"(anonymous_1)","decl":{"start":{"line":12,"column":2},"end":{"line":12,"column":3}},"loc":{"start":{"line":12,"column":11},"end":{"line":14,"column":3}},"line":12},"2":{"name":"(anonymous_2)","decl":{"start":{"line":16,"column":2},"end":{"line":16,"column":3}},"loc":{"start":{"line":16,"column":55},"end":{"line":32,"column":3}},"line":16},"3":{"name":"(anonymous_3)","decl":{"start":{"line":34,"column":2},"end":{"line":34,"column":3}},"loc":{"start":{"line":34,"column":56},"end":{"line":54,"column":3}},"line":34},"4":{"name":"(anonymous_4)","decl":{"start":{"line":56,"column":2},"end":{"line":56,"column":3}},"loc":{"start":{"line":56,"column":56},"end":{"line":94,"column":3}},"line":56},"5":{"name":"(anonymous_5)","decl":{"start":{"line":96,"column":2},"end":{"line":96,"column":3}},"loc":{"start":{"line":96,"column":11},"end":{"line":107,"column":3}},"line":96},"6":{"name":"(anonymous_6)","decl":{"start":{"line":100,"column":11},"end":{"line":100,"column":12}},"loc":{"start":{"line":100,"column":22},"end":{"line":100,"column":56}},"line":100}},"branchMap":{"0":{"loc":{"start":{"line":6,"column":27},"end":{"line":6,"column":50}},"type":"default-arg","locations":[{"start":{"line":6,"column":48},"end":{"line":6,"column":50}}],"line":6},"1":{"loc":{"start":{"line":37,"column":4},"end":{"line":39,"column":5}},"type":"if","locations":[{"start":{"line":37,"column":4},"end":{"line":39,"column":5}},{"start":{},"end":{}}],"line":37},"2":{"loc":{"start":{"line":61,"column":4},"end":{"line":77,"column":5}},"type":"if","locations":[{"start":{"line":61,"column":4},"end":{"line":77,"column":5}},{"start":{},"end":{}}],"line":61},"3":{"loc":{"start":{"line":62,"column":6},"end":{"line":64,"column":7}},"type":"if","locations":[{"start":{"line":62,"column":6},"end":{"line":64,"column":7}},{"start":{},"end":{}}],"line":62},"4":{"loc":{"start":{"line":79,"column":4},"end":{"line":91,"column":5}},"type":"if","locations":[{"start":{"line":79,"column":4},"end":{"line":91,"column":5}},{"start":{},"end":{}}],"line":79},"5":{"loc":{"start":{"line":100,"column":22},"end":{"line":100,"column":56}},"type":"cond-expr","locations":[{"start":{"line":100,"column":50},"end":{"line":100,"column":52}},{"start":{"line":100,"column":55},"end":{"line":100,"column":56}}],"line":100}},"s":{"0":8,"1":174,"2":174,"3":174,"4":295,"5":26,"6":26,"7":26,"8":26,"9":26,"10":11,"11":11,"12":4,"13":7,"14":7,"15":7,"16":7,"17":29,"18":29,"19":20,"20":11,"21":9,"22":9,"23":9,"24":18,"25":9,"26":9,"27":9,"28":18,"29":3,"30":12,"31":3,"32":3,"33":3,"34":8},"f":{"0":174,"1":295,"2":26,"3":11,"4":29,"5":3,"6":12},"b":{"0":[62],"1":[4,7],"2":[20,9],"3":[11,9],"4":[9,9],"5":[10,2]},"_coverageSchema":"1a1c01bbd47fc00a2c39e90264f33305004495a9","hash":"e1424a8713831e0b48f30bfc82b0b3f38755d5b6"}
}
