TN:
SF:lib/wallet/config.js
FNF:0
FNH:0
DA:1,6
DA:5,6
DA:7,6
LF:3
LH:3
BRDA:9,0,0,6
BRDA:9,0,1,6
BRF:2
BRH:2
end_of_record
TN:
SF:lib/wallet/entity.repository.js
FN:7,(anonymous_0)
FN:11,(anonymous_1)
FN:20,(anonymous_2)
FN:21,(anonymous_3)
FN:22,(anonymous_4)
FN:30,(anonymous_5)
FN:36,(anonymous_6)
FN:48,(anonymous_7)
FN:61,(anonymous_8)
FNF:9
FNH:9
FNDA:93,(anonymous_0)
FNDA:118,(anonymous_1)
FNDA:288,(anonymous_2)
FNDA:392,(anonymous_3)
FNDA:392,(anonymous_4)
FNDA:233,(anonymous_5)
FNDA:84,(anonymous_6)
FNDA:130,(anonymous_7)
FNDA:55,(anonymous_8)
DA:1,7
DA:8,93
DA:12,118
DA:13,118
DA:15,118
DA:17,118
DA:21,288
DA:22,392
DA:23,392
DA:25,307
DA:31,233
DA:33,233
DA:37,84
DA:39,84
DA:40,1
DA:43,83
DA:48,83
DA:49,130
DA:50,83
DA:52,47
DA:55,130
DA:58,83
DA:63,55
DA:65,55
DA:69,7
LF:25
LH:25
BRDA:23,0,0,85
BRDA:23,0,1,307
BRDA:33,1,0,233
BRDA:33,1,1,2
BRDA:39,2,0,1
BRDA:39,2,1,83
BRDA:49,3,0,83
BRDA:49,3,1,47
BRF:8
BRH:8
end_of_record
TN:
SF:lib/wallet/index.js
FN:9,(anonymous_0)
FNF:1
FNH:1
FNDA:29,(anonymous_0)
DA:1,6
DA:2,6
DA:3,6
DA:4,6
DA:5,6
DA:8,6
DA:10,29
DA:12,29
DA:13,29
DA:14,29
DA:16,29
DA:23,29
DA:25,29
LF:13
LH:13
BRDA:12,0,0,29
BRDA:12,0,1,29
BRDA:13,1,0,29
BRDA:13,1,1,29
BRDA:14,2,0,29
BRDA:14,2,1,29
BRF:6
BRH:6
end_of_record
TN:
SF:lib/wallet/wallet.repository.js
FN:12,(anonymous_0)
FN:19,(anonymous_1)
FN:44,(anonymous_2)
FN:69,(anonymous_3)
FN:94,(anonymous_4)
FN:119,(anonymous_5)
FN:137,(anonymous_6)
FN:139,(anonymous_7)
FN:154,(anonymous_8)
FN:163,(anonymous_9)
FN:183,(anonymous_10)
FNF:11
FNH:11
FNDA:45,(anonymous_0)
FNDA:37,(anonymous_1)
FNDA:46,(anonymous_2)
FNDA:12,(anonymous_3)
FNDA:37,(anonymous_4)
FNDA:113,(anonymous_5)
FNDA:74,(anonymous_6)
FNDA:22,(anonymous_7)
FNDA:39,(anonymous_8)
FNDA:39,(anonymous_9)
FNDA:39,(anonymous_10)
DA:1,7
DA:2,7
DA:3,7
DA:4,7
DA:6,7
DA:13,45
DA:14,45
DA:15,45
DA:16,45
DA:21,37
DA:22,37
DA:24,37
DA:25,1
DA:28,36
DA:32,36
DA:34,36
DA:36,36
DA:38,1
DA:40,1
DA:46,46
DA:47,46
DA:49,46
DA:50,1
DA:53,45
DA:55,45
DA:57,45
DA:59,45
DA:61,45
DA:63,1
DA:65,1
DA:71,12
DA:72,12
DA:74,12
DA:75,1
DA:78,11
DA:80,11
DA:82,11
DA:84,11
DA:86,11
DA:88,1
DA:90,1
DA:96,37
DA:97,37
DA:99,37
DA:100,1
DA:103,36
DA:105,36
DA:107,36
DA:109,36
DA:111,36
DA:113,1
DA:115,1
DA:122,113
DA:123,113
DA:125,113
DA:127,113
DA:129,113
DA:130,1
DA:133,112
DA:134,112
DA:135,56
DA:137,74
DA:139,56
DA:142,112
DA:144,112
DA:146,112
DA:148,1
DA:150,1
DA:158,39
DA:159,39
DA:161,39
DA:163,39
DA:165,39
DA:169,39
DA:171,39
DA:173,39
DA:175,39
DA:177,0
DA:179,0
DA:185,39
DA:186,39
DA:188,39
DA:190,39
DA:191,39
DA:193,39
DA:197,7
LF:86
LH:84
BRDA:24,0,0,1
BRDA:24,0,1,36
BRDA:49,1,0,1
BRDA:49,1,1,45
BRDA:63,2,0,1
BRDA:63,2,1,1
BRDA:74,3,0,1
BRDA:74,3,1,11
BRDA:88,4,0,1
BRDA:88,4,1,1
BRDA:99,5,0,1
BRDA:99,5,1,36
BRDA:113,6,0,1
BRDA:113,6,1,1
BRDA:119,7,0,57
BRDA:129,8,0,1
BRDA:129,8,1,112
BRDA:134,9,0,56
BRDA:134,9,1,56
BRDA:139,10,0,0
BRDA:139,10,1,22
BRF:21
BRH:20
end_of_record
TN:
SF:lib/wallet/wallet.service.js
FN:4,(anonymous_0)
FN:9,(anonymous_1)
FN:29,(anonymous_2)
FN:64,(anonymous_3)
FN:99,(anonymous_4)
FN:139,(anonymous_5)
FNF:6
FNH:6
FNDA:55,(anonymous_0)
FNDA:37,(anonymous_1)
FNDA:36,(anonymous_2)
FNDA:14,(anonymous_3)
FNDA:17,(anonymous_4)
FNDA:15,(anonymous_5)
DA:1,7
DA:5,55
DA:6,55
DA:12,37
DA:13,37
DA:15,37
DA:17,37
DA:19,36
DA:21,36
DA:23,1
DA:25,1
DA:34,36
DA:35,36
DA:37,36
DA:39,36
DA:41,36
DA:43,35
DA:45,29
DA:47,29
DA:49,29
DA:51,29
DA:53,7
DA:56,7
DA:57,6
DA:60,7
DA:69,14
DA:70,14
DA:72,14
DA:74,14
DA:76,14
DA:78,13
DA:80,13
DA:82,10
DA:84,10
DA:86,10
DA:88,4
DA:91,4
DA:92,3
DA:95,4
DA:105,17
DA:106,17
DA:108,17
DA:110,17
DA:112,17
DA:114,16
DA:115,16
DA:117,16
DA:118,10
DA:121,10
DA:122,10
DA:124,10
DA:126,10
DA:128,7
DA:131,7
DA:132,6
DA:135,7
DA:142,15
DA:143,15
DA:145,15
DA:147,15
DA:149,15
DA:151,15
DA:153,0
DA:155,0
DA:160,7
LF:65
LH:63
BRDA:9,0,0,0
BRDA:29,1,0,0
BRDA:56,2,0,6
BRDA:56,2,1,1
BRDA:64,3,0,0
BRDA:91,4,0,3
BRDA:91,4,1,1
BRDA:131,5,0,6
BRDA:131,5,1,1
BRF:9
BRH:6
end_of_record
TN:
SF:lib/wallet/class/transaction-request.js
FN:20,(anonymous_0)
FN:37,(anonymous_1)
FN:45,(anonymous_2)
FN:50,(anonymous_3)
FN:55,(anonymous_4)
FN:60,(anonymous_5)
FN:74,(anonymous_6)
FN:88,(anonymous_7)
FNF:8
FNH:8
FNDA:159,(anonymous_0)
FNDA:86,(anonymous_1)
FNDA:43,(anonymous_2)
FNDA:34,(anonymous_3)
FNDA:9,(anonymous_4)
FNDA:36,(anonymous_5)
FNDA:14,(anonymous_6)
FNDA:17,(anonymous_7)
DA:1,8
DA:6,8
DA:12,8
DA:22,159
DA:23,159
DA:24,159
DA:25,159
DA:26,159
DA:27,159
DA:28,159
DA:29,159
DA:31,159
DA:32,159
DA:33,159
DA:34,159
DA:38,86
DA:40,86
DA:41,86
DA:42,86
DA:46,43
DA:47,43
DA:51,34
DA:52,34
DA:56,9
DA:57,9
DA:61,36
DA:75,14
DA:89,17
DA:103,8
DA:104,8
DA:105,8
DA:107,8
LF:32
LH:32
BRDA:20,0,0,6
BRDA:40,1,0,86
BRDA:40,1,1,0
BRDA:41,2,0,9
BRDA:41,2,1,77
BRDA:42,3,0,34
BRDA:42,3,1,52
BRF:7
BRH:6
end_of_record
TN:
SF:lib/wallet/class/wallet-state.js
FN:2,(anonymous_0)
FN:11,(anonymous_1)
FN:19,(anonymous_2)
FN:27,(anonymous_3)
FN:35,(anonymous_4)
FN:43,(anonymous_5)
FN:44,(anonymous_6)
FN:54,(anonymous_7)
FNF:8
FNH:8
FNDA:252,(anonymous_0)
FNDA:26,(anonymous_1)
FNDA:7,(anonymous_2)
FNDA:9,(anonymous_3)
FNDA:9,(anonymous_4)
FNDA:81,(anonymous_5)
FNDA:78,(anonymous_6)
FNDA:42,(anonymous_7)
DA:3,252
DA:4,252
DA:5,252
DA:6,252
DA:8,252
DA:12,26
DA:20,7
DA:28,9
DA:36,9
DA:44,81
DA:45,78
DA:46,78
DA:47,39
DA:50,78
DA:55,42
DA:57,42
DA:61,8
LF:17
LH:17
BRDA:2,0,0,26
BRDA:5,1,0,252
BRDA:5,1,1,128
BRDA:14,2,0,26
BRDA:14,2,1,26
BRDA:22,3,0,7
BRDA:22,3,1,7
BRDA:30,4,0,9
BRDA:30,4,1,9
BRDA:38,5,0,9
BRDA:38,5,1,9
BRDA:45,6,0,39
BRDA:45,6,1,39
BRDA:46,7,0,39
BRDA:46,7,1,39
BRF:15
BRH:15
end_of_record
TN:
SF:lib/wallet/class/wallet-transaction.js
FN:2,(anonymous_0)
FNF:1
FNH:1
FNDA:125,(anonymous_0)
DA:3,125
DA:4,125
DA:5,125
DA:6,125
DA:7,125
DA:8,125
DA:12,8
LF:7
LH:7
BRDA:2,0,0,0
BRF:1
BRH:0
end_of_record
TN:
SF:lib/wallet/class/wallet.js
FN:6,(anonymous_0)
FN:12,(anonymous_1)
FN:16,(anonymous_2)
FN:34,(anonymous_3)
FN:56,(anonymous_4)
FN:96,(anonymous_5)
FN:100,(anonymous_6)
FNF:7
FNH:7
FNDA:174,(anonymous_0)
FNDA:295,(anonymous_1)
FNDA:26,(anonymous_2)
FNDA:11,(anonymous_3)
FNDA:29,(anonymous_4)
FNDA:3,(anonymous_5)
FNDA:12,(anonymous_6)
DA:1,8
DA:7,174
DA:8,174
DA:9,174
DA:13,295
DA:17,26
DA:19,26
DA:27,26
DA:29,26
DA:31,26
DA:35,11
DA:37,11
DA:38,4
DA:41,7
DA:49,7
DA:51,7
DA:53,7
DA:57,29
DA:61,29
DA:62,20
DA:63,11
DA:66,9
DA:74,9
DA:76,9
DA:79,18
DA:80,9
DA:88,9
DA:90,9
DA:93,18
DA:97,3
DA:100,12
DA:102,3
DA:104,3
DA:106,3
DA:110,8
LF:35
LH:35
BRDA:6,0,0,62
BRDA:37,1,0,4
BRDA:37,1,1,7
BRDA:61,2,0,20
BRDA:61,2,1,9
BRDA:62,3,0,11
BRDA:62,3,1,9
BRDA:79,4,0,9
BRDA:79,4,1,9
BRDA:100,5,0,10
BRDA:100,5,1,2
BRF:11
BRH:11
end_of_record
